2025-08-14 00:41:10,784 - orchestrator.services.automated_inventory_service - INFO - ML models trained with synthetic data
2025-08-14 00:41:10,784 - orchestrator.services.automated_inventory_service - INFO - Automated inventory service initialized
2025-08-14 00:41:10,784 - orchestrator.services.automated_inventory_service - INFO - Predicting stockouts for 30 days ahead
2025-08-14 00:41:10,822 - orchestrator.services.automated_inventory_service - INFO - Generated 10 stockout predictions
2025-08-14 00:41:10,822 - orchestrator.services.automated_inventory_service - INFO - Creating automated reorder triggers
2025-08-14 00:41:10,822 - orchestrator.services.automated_inventory_service - INFO - Created 0 automated reorder triggers
2025-08-14 00:41:10,833 - orchestrator.services.automated_inventory_service - INFO - Running automated supplier backup routing (threshold: 70.0)
2025-08-14 00:41:10,835 - orchestrator.services.automated_inventory_service - WARNING - Supplier SUP_001 score 54.7 below threshold
2025-08-14 00:41:10,945 - orchestrator.services.automated_inventory_service - WARNING - Supplier SUP_002 score 54.8 below threshold
2025-08-14 00:41:10,953 - orchestrator.services.automated_inventory_service - WARNING - Supplier SUP_003 score 57.1 below threshold
2025-08-14 00:41:10,961 - orchestrator.services.automated_inventory_service - WARNING - Supplier SUP_004 score 59.0 below threshold
2025-08-14 00:41:10,970 - orchestrator.services.automated_inventory_service - WARNING - Supplier SUP_005 score 57.5 below threshold
2025-08-14 00:41:10,978 - orchestrator.services.automated_inventory_service - WARNING - Supplier SUP_006 score 52.6 below threshold
2025-08-14 00:41:10,986 - orchestrator.services.automated_inventory_service - WARNING - Supplier SUP_007 score 53.3 below threshold
2025-08-14 00:41:10,994 - orchestrator.services.automated_inventory_service - WARNING - Supplier SUP_008 score 54.7 below threshold
2025-08-14 00:41:11,002 - orchestrator.services.automated_inventory_service - WARNING - Supplier SUP_009 score 54.5 below threshold
2025-08-14 00:41:11,011 - orchestrator.services.automated_inventory_service - WARNING - Supplier SUP_010 score 58.4 below threshold
2025-08-14 00:41:11,017 - orchestrator.services.automated_inventory_service - INFO - Backup routing completed: 10 suppliers flagged, 1 switches executed
2025-08-14 00:41:11,017 - orchestrator.services.automated_inventory_service - INFO - Creating predictive inventory forecast for PROD_001
2025-08-14 00:41:12,090 - orchestrator.services.competitor_intelligence_service - INFO - ML models trained with synthetic data
2025-08-14 00:41:12,090 - orchestrator.services.competitor_intelligence_service - INFO - Advanced competitor intelligence service initialized
2025-08-14 00:41:12,090 - orchestrator.services.competitor_intelligence_service - INFO - Starting real-time competitor tracking
2025-08-14 00:41:12,190 - orchestrator.services.competitor_intelligence_service - INFO - Detected 1 competitor actions
2025-08-14 00:41:12,191 - orchestrator.services.competitor_intelligence_service - INFO - Predicting actions for competitor COMP_001
2025-08-14 00:41:12,194 - orchestrator.services.competitor_intelligence_service - INFO - Generated 3 action predictions for COMP_001
2025-08-14 00:41:12,195 - orchestrator.services.competitor_intelligence_service - INFO - Predicting pricing trends for COMP_001
2025-08-14 00:41:12,195 - orchestrator.services.competitor_intelligence_service - INFO - Predicting market movements
2025-08-14 00:41:12,204 - orchestrator.services.competitor_intelligence_service - INFO - Creating response strategies for 1 actions
2025-08-14 00:41:12,212 - orchestrator.services.market_sentiment_service - INFO - Market sentiment service initialized with 1 active data sources
2025-08-14 00:41:13,279 - orchestrator.services.competitor_intelligence_service - INFO - ML models trained with synthetic data
2025-08-14 00:41:13,279 - orchestrator.services.competitor_intelligence_service - INFO - Advanced competitor intelligence service initialized
2025-08-14 00:41:13,279 - __main__ - ERROR - Demo execution failed: AutomatedPricingEngine.__init__() missing 1 required positional argument: 'ai_pricing_service'
2025-08-14 00:41:50,637 - orchestrator.services.automated_inventory_service - INFO - ML models trained with synthetic data
2025-08-14 00:41:50,637 - orchestrator.services.automated_inventory_service - INFO - Automated inventory service initialized
2025-08-14 00:41:50,638 - orchestrator.services.automated_inventory_service - INFO - Predicting stockouts for 30 days ahead
2025-08-14 00:41:50,675 - orchestrator.services.automated_inventory_service - INFO - Generated 10 stockout predictions
2025-08-14 00:41:50,675 - orchestrator.services.automated_inventory_service - INFO - Creating automated reorder triggers
2025-08-14 00:41:50,675 - orchestrator.services.automated_inventory_service - INFO - Created 0 automated reorder triggers
2025-08-14 00:41:50,685 - orchestrator.services.automated_inventory_service - INFO - Running automated supplier backup routing (threshold: 70.0)
2025-08-14 00:41:50,687 - orchestrator.services.automated_inventory_service - WARNING - Supplier SUP_001 score 54.7 below threshold
2025-08-14 00:41:50,796 - orchestrator.services.automated_inventory_service - WARNING - Supplier SUP_002 score 54.8 below threshold
2025-08-14 00:41:50,804 - orchestrator.services.automated_inventory_service - WARNING - Supplier SUP_003 score 57.1 below threshold
2025-08-14 00:41:50,812 - orchestrator.services.automated_inventory_service - WARNING - Supplier SUP_004 score 59.0 below threshold
2025-08-14 00:41:50,820 - orchestrator.services.automated_inventory_service - WARNING - Supplier SUP_005 score 57.5 below threshold
2025-08-14 00:41:50,828 - orchestrator.services.automated_inventory_service - WARNING - Supplier SUP_006 score 52.6 below threshold
2025-08-14 00:41:50,836 - orchestrator.services.automated_inventory_service - WARNING - Supplier SUP_007 score 53.3 below threshold
2025-08-14 00:41:50,843 - orchestrator.services.automated_inventory_service - WARNING - Supplier SUP_008 score 54.7 below threshold
2025-08-14 00:41:50,851 - orchestrator.services.automated_inventory_service - WARNING - Supplier SUP_009 score 54.5 below threshold
2025-08-14 00:41:50,859 - orchestrator.services.automated_inventory_service - WARNING - Supplier SUP_010 score 58.4 below threshold
2025-08-14 00:41:50,865 - orchestrator.services.automated_inventory_service - INFO - Backup routing completed: 10 suppliers flagged, 1 switches executed
2025-08-14 00:41:50,865 - orchestrator.services.automated_inventory_service - INFO - Creating predictive inventory forecast for PROD_001
2025-08-14 00:41:51,934 - orchestrator.services.competitor_intelligence_service - INFO - ML models trained with synthetic data
2025-08-14 00:41:51,935 - orchestrator.services.competitor_intelligence_service - INFO - Advanced competitor intelligence service initialized
2025-08-14 00:41:51,935 - orchestrator.services.competitor_intelligence_service - INFO - Starting real-time competitor tracking
2025-08-14 00:41:52,035 - orchestrator.services.competitor_intelligence_service - INFO - Detected 1 competitor actions
2025-08-14 00:41:52,036 - orchestrator.services.competitor_intelligence_service - INFO - Predicting actions for competitor COMP_001
2025-08-14 00:41:52,040 - orchestrator.services.competitor_intelligence_service - INFO - Generated 3 action predictions for COMP_001
2025-08-14 00:41:52,040 - orchestrator.services.competitor_intelligence_service - INFO - Predicting pricing trends for COMP_001
2025-08-14 00:41:52,041 - orchestrator.services.competitor_intelligence_service - INFO - Predicting market movements
2025-08-14 00:41:52,049 - orchestrator.services.competitor_intelligence_service - INFO - Creating response strategies for 1 actions
2025-08-14 00:41:52,056 - orchestrator.services.market_sentiment_service - INFO - Market sentiment service initialized with 1 active data sources
2025-08-14 00:41:53,124 - orchestrator.services.competitor_intelligence_service - INFO - ML models trained with synthetic data
2025-08-14 00:41:53,125 - orchestrator.services.competitor_intelligence_service - INFO - Advanced competitor intelligence service initialized
2025-08-14 00:41:53,125 - orchestrator.services.sentiment_based_pricing - INFO - Sentiment-based pricing service initialized
2025-08-14 00:41:53,125 - orchestrator.services.market_sentiment_service - INFO - Analyzing market sentiment for: e-commerce
2025-08-14 00:41:53,397 - orchestrator.services.market_sentiment_service - ERROR - Error analyzing news sentiment: 401 Client Error: Unauthorized for url: https://newsapi.org/v2/everything?q=online+shopping+OR+retail+OR+consumer&language=en&sortBy=publishedAt&from=2025-08-13T00%3A41%3A53.125472&apiKey=demo-news-api-key&pageSize=50
2025-08-14 00:41:53,499 - orchestrator.services.sentiment_based_pricing - INFO - Analyzing sentiment for automatic pricing adjustments
2025-08-14 00:41:53,499 - orchestrator.services.market_sentiment_service - INFO - Analyzing market sentiment for: electronics
2025-08-14 00:41:53,745 - orchestrator.services.market_sentiment_service - ERROR - Error analyzing news sentiment: 401 Client Error: Unauthorized for url: https://newsapi.org/v2/everything?q=electronics+OR+tech+OR+gadgets&language=en&sortBy=publishedAt&from=2025-08-13T00%3A41%3A53.499954&apiKey=demo-news-api-key&pageSize=50
2025-08-14 00:41:53,846 - orchestrator.services.competitor_intelligence_service - INFO - Starting real-time competitor tracking
2025-08-14 00:41:53,948 - orchestrator.services.competitor_intelligence_service - INFO - Detected 1 competitor actions
2025-08-14 00:41:53,949 - orchestrator.services.sentiment_based_pricing - INFO - Skipping PROD_001: Manual approval required
2025-08-14 00:41:53,949 - orchestrator.services.sentiment_based_pricing - INFO - Skipping PROD_002: Manual approval required
2025-08-14 00:41:53,949 - orchestrator.services.sentiment_based_pricing - INFO - Skipping PROD_003: Manual approval required
2025-08-14 00:41:53,949 - orchestrator.services.sentiment_based_pricing - INFO - Skipping PROD_004: Manual approval required
2025-08-14 00:41:53,949 - orchestrator.services.sentiment_based_pricing - INFO - Skipping PROD_005: Manual approval required
2025-08-14 00:41:53,949 - orchestrator.services.sentiment_based_pricing - INFO - Skipping PROD_006: Manual approval required
2025-08-14 00:41:53,949 - orchestrator.services.sentiment_based_pricing - INFO - Skipping PROD_007: Manual approval required
2025-08-14 00:41:53,949 - orchestrator.services.sentiment_based_pricing - INFO - Generated 7 pricing recommendations, executed 0 automatically
2025-08-14 00:41:53,950 - orchestrator.services.cross_agent_tools - INFO - Registered tool: Customer Lifetime Value Calculator (customer_lifetime_value)
2025-08-14 00:41:53,950 - orchestrator.services.cross_agent_tools - INFO - Registered tool: AI-Powered Market Opportunity Scanner (market_opportunity_scanner)
2025-08-14 00:41:53,950 - orchestrator.services.cross_agent_tools - INFO - Registered tool: Real-time Competitive Intelligence (competitive_intelligence)
2025-08-14 00:41:53,950 - orchestrator.services.cross_agent_tools - INFO - Registered tool: Advanced Demand Forecasting (demand_forecasting)
2025-08-14 00:41:53,950 - orchestrator.services.cross_agent_tools - INFO - Registered tool: Dynamic Price Elasticity Analyzer (price_elasticity_analyzer)
2025-08-14 00:41:53,950 - orchestrator.services.cross_agent_tools - INFO - Registered tool: AI-Driven Inventory Optimization (inventory_optimization)
2025-08-14 00:41:53,950 - orchestrator.services.cross_agent_tools - INFO - Registered tool: ML-Powered Stockout Prediction (automated_stockout_prediction)
2025-08-14 00:41:53,951 - orchestrator.services.cross_agent_tools - INFO - Registered tool: Advanced Supplier Performance Analysis (supplier_performance_scoring)
2025-08-14 00:41:53,951 - orchestrator.services.cross_agent_tools - INFO - Registered tool: Price-Aware Predictive Inventory (predictive_inventory_management)
2025-08-14 00:41:53,951 - orchestrator.services.cross_agent_tools - INFO - Registered tool: Real-time Competitor Intelligence (realtime_competitor_tracking)
2025-08-14 00:41:53,951 - orchestrator.services.cross_agent_tools - INFO - Registered tool: Competitor Action Prediction Engine (competitor_action_prediction)
2025-08-14 00:41:53,951 - orchestrator.services.cross_agent_tools - INFO - Registered tool: ML Competitor Pricing Trend Analysis (pricing_trend_analysis)
2025-08-14 00:41:53,951 - orchestrator.services.cross_agent_tools - INFO - Registered tool: Dynamic Competitor Response Engine (dynamic_response_strategies)
2025-08-14 00:41:53,951 - orchestrator.services.cross_agent_tools - INFO - Registered tool: Sentiment-Based Automatic Pricing (sentiment_based_pricing)
2025-08-14 00:41:53,951 - orchestrator.services.cross_agent_tools - INFO - Cross-agent tools initialized
2025-08-14 00:41:53,952 - orchestrator.services.cross_agent_tools - INFO - Tool market_opportunity_scanner executed successfully for pricing_optimizer
2025-08-14 00:41:56,349 - orchestrator.services.automated_inventory_service - INFO - ML models trained with synthetic data
2025-08-14 00:41:56,349 - orchestrator.services.automated_inventory_service - INFO - Automated inventory service initialized
2025-08-14 00:41:56,349 - orchestrator.services.automated_inventory_service - INFO - Predicting stockouts for 30 days ahead
2025-08-14 00:41:56,360 - orchestrator.services.automated_inventory_service - INFO - Generated 3 stockout predictions
2025-08-14 00:41:56,360 - orchestrator.services.automated_inventory_service - INFO - Creating automated reorder triggers
2025-08-14 00:41:56,360 - orchestrator.services.automated_inventory_service - INFO - Created 0 automated reorder triggers
2025-08-14 00:41:56,361 - orchestrator.services.cross_agent_tools - INFO - Tool automated_stockout_prediction executed successfully for inventory_forecasting
2025-08-14 00:41:57,425 - orchestrator.services.competitor_intelligence_service - INFO - ML models trained with synthetic data
2025-08-14 00:41:57,426 - orchestrator.services.competitor_intelligence_service - INFO - Advanced competitor intelligence service initialized
2025-08-14 00:41:57,426 - orchestrator.services.competitor_intelligence_service - INFO - Starting real-time competitor tracking
2025-08-14 00:41:57,526 - orchestrator.services.competitor_intelligence_service - INFO - Detected 1 competitor actions
2025-08-14 00:41:57,527 - orchestrator.services.cross_agent_tools - INFO - Tool realtime_competitor_tracking executed successfully for pricing_optimizer
2025-08-14 00:41:57,533 - orchestrator.services.market_sentiment_service - INFO - Market sentiment service initialized with 1 active data sources
2025-08-14 00:41:58,599 - orchestrator.services.competitor_intelligence_service - INFO - ML models trained with synthetic data
2025-08-14 00:41:58,600 - orchestrator.services.competitor_intelligence_service - INFO - Advanced competitor intelligence service initialized
2025-08-14 00:41:58,600 - orchestrator.services.sentiment_based_pricing - INFO - Sentiment-based pricing service initialized
2025-08-14 00:41:58,600 - orchestrator.services.sentiment_based_pricing - INFO - Analyzing sentiment for automatic pricing adjustments
2025-08-14 00:41:58,600 - orchestrator.services.market_sentiment_service - INFO - Analyzing market sentiment for: electronics
2025-08-14 00:41:58,684 - orchestrator.services.market_sentiment_service - ERROR - Error analyzing news sentiment: 401 Client Error: Unauthorized for url: https://newsapi.org/v2/everything?q=electronics+OR+tech+OR+gadgets&language=en&sortBy=publishedAt&from=2025-08-13T00%3A41%3A58.600506&apiKey=demo-news-api-key&pageSize=50
2025-08-14 00:41:58,786 - orchestrator.services.competitor_intelligence_service - INFO - Starting real-time competitor tracking
2025-08-14 00:41:58,887 - orchestrator.services.competitor_intelligence_service - INFO - Detected 1 competitor actions
2025-08-14 00:41:58,888 - orchestrator.services.sentiment_based_pricing - INFO - Skipping PROD_001: Manual approval required
2025-08-14 00:41:58,888 - orchestrator.services.sentiment_based_pricing - INFO - Skipping PROD_002: Manual approval required
2025-08-14 00:41:58,888 - orchestrator.services.sentiment_based_pricing - INFO - Generated 2 pricing recommendations, executed 0 automatically
2025-08-14 00:41:58,888 - orchestrator.services.cross_agent_tools - INFO - Tool sentiment_based_pricing executed successfully for pricing_optimizer
