2025-08-14 00:02:31,304 - __main__ - INFO - Demo environment configured
2025-08-14 00:02:31,343 - pricing_optimizer - INFO - AI pricing service initialized
2025-08-14 00:02:31,351 - orchestrator.services.market_sentiment_service - INFO - Market sentiment service initialized with 1 active data sources
2025-08-14 00:02:31,351 - orchestrator.services.predictive_forecaster - INFO - Predictive forecaster initialized
2025-08-14 00:02:31,351 - orchestrator.services.cross_agent_tools - INFO - Registered tool: Customer Lifetime Value Calculator (customer_lifetime_value)
2025-08-14 00:02:31,351 - orchestrator.services.cross_agent_tools - INFO - Registered tool: AI-Powered Market Opportunity Scanner (market_opportunity_scanner)
2025-08-14 00:02:31,351 - orchestrator.services.cross_agent_tools - INFO - Registered tool: Real-time Competitive Intelligence (competitive_intelligence)
2025-08-14 00:02:31,351 - orchestrator.services.cross_agent_tools - INFO - Registered tool: Advanced Demand Forecasting (demand_forecasting)
2025-08-14 00:02:31,351 - orchestrator.services.cross_agent_tools - INFO - Registered tool: Dynamic Price Elasticity Analyzer (price_elasticity_analyzer)
2025-08-14 00:02:31,351 - orchestrator.services.cross_agent_tools - INFO - Registered tool: AI-Driven Inventory Optimization (inventory_optimization)
2025-08-14 00:02:31,352 - orchestrator.services.cross_agent_tools - INFO - Cross-agent tools initialized
2025-08-14 00:02:31,352 - orchestrator.services.price_alert_system - INFO - Added alert rule: high_priority_drops
2025-08-14 00:02:31,352 - orchestrator.services.price_alert_system - INFO - Added alert rule: price_increases
2025-08-14 00:02:31,352 - orchestrator.services.price_alert_system - INFO - Added alert rule: general_monitoring
2025-08-14 00:02:31,352 - pricing_optimizer - INFO - Default price alert rules configured
2025-08-14 00:02:31,352 - orchestrator.services.pricing_rules_engine - INFO - Added pricing rule: High Confidence Automatic Pricing
2025-08-14 00:02:31,352 - orchestrator.services.pricing_rules_engine - INFO - Added pricing rule: Medium Confidence with Approval
2025-08-14 00:02:31,352 - orchestrator.services.pricing_rules_engine - INFO - Added pricing rule: Low Confidence Notifications
2025-08-14 00:02:31,352 - pricing_optimizer - INFO - Default pricing rules configured
2025-08-14 00:02:31,377 - orchestrator.services.ml_rule_optimizer - INFO - Retraining ML models with latest performance data
2025-08-14 00:02:43,287 - orchestrator.services.ml_rule_optimizer - INFO - Confidence threshold model trained - MSE: 0.0001, R²: 0.9951
2025-08-14 00:02:43,362 - orchestrator.services.ml_rule_optimizer - INFO - Price limits model trained - MSE: 0.0000, R²: 0.9888
2025-08-14 00:02:43,473 - orchestrator.services.ml_rule_optimizer - INFO - Profit margin model trained - MSE: 0.0000, R²: -41.2500
2025-08-14 00:02:43,493 - orchestrator.services.ml_rule_optimizer - INFO - Saved confidence_threshold model
2025-08-14 00:02:43,499 - orchestrator.services.ml_rule_optimizer - INFO - Saved price_limits model
2025-08-14 00:02:43,523 - orchestrator.services.ml_rule_optimizer - INFO - Saved profit_margin model
2025-08-14 00:02:43,523 - orchestrator.services.ml_rule_optimizer - INFO - Predicting optimal parameters for rule: high_confidence_auto
2025-08-14 00:02:43,558 - pricing_optimizer - INFO - AI pricing service initialized
2025-08-14 00:02:43,559 - orchestrator.services.ml_rule_optimizer - INFO - Loaded 50 historical records
2025-08-14 00:02:43,574 - orchestrator.services.ml_rule_optimizer - INFO - Loaded confidence_threshold model and scaler
2025-08-14 00:02:43,580 - orchestrator.services.ml_rule_optimizer - INFO - Loaded price_limits model and scaler
2025-08-14 00:02:43,599 - orchestrator.services.ml_rule_optimizer - INFO - Loaded profit_margin model and scaler
2025-08-14 00:02:43,606 - orchestrator.services.market_sentiment_service - INFO - Market sentiment service initialized with 1 active data sources
2025-08-14 00:02:43,606 - orchestrator.services.predictive_forecaster - INFO - Predictive forecaster initialized
2025-08-14 00:02:43,607 - orchestrator.services.cross_agent_tools - INFO - Registered tool: Customer Lifetime Value Calculator (customer_lifetime_value)
2025-08-14 00:02:43,607 - orchestrator.services.cross_agent_tools - INFO - Registered tool: AI-Powered Market Opportunity Scanner (market_opportunity_scanner)
2025-08-14 00:02:43,607 - orchestrator.services.cross_agent_tools - INFO - Registered tool: Real-time Competitive Intelligence (competitive_intelligence)
2025-08-14 00:02:43,607 - orchestrator.services.cross_agent_tools - INFO - Registered tool: Advanced Demand Forecasting (demand_forecasting)
2025-08-14 00:02:43,607 - orchestrator.services.cross_agent_tools - INFO - Registered tool: Dynamic Price Elasticity Analyzer (price_elasticity_analyzer)
2025-08-14 00:02:43,607 - orchestrator.services.cross_agent_tools - INFO - Registered tool: AI-Driven Inventory Optimization (inventory_optimization)
2025-08-14 00:02:43,607 - orchestrator.services.cross_agent_tools - INFO - Cross-agent tools initialized
2025-08-14 00:02:43,607 - orchestrator.services.price_alert_system - INFO - Added alert rule: high_priority_drops
2025-08-14 00:02:43,607 - orchestrator.services.price_alert_system - INFO - Added alert rule: price_increases
2025-08-14 00:02:43,607 - orchestrator.services.price_alert_system - INFO - Added alert rule: general_monitoring
2025-08-14 00:02:43,607 - pricing_optimizer - INFO - Default price alert rules configured
2025-08-14 00:02:43,607 - orchestrator.services.pricing_rules_engine - INFO - Added pricing rule: High Confidence Automatic Pricing
2025-08-14 00:02:43,607 - orchestrator.services.pricing_rules_engine - INFO - Added pricing rule: Medium Confidence with Approval
2025-08-14 00:02:43,608 - orchestrator.services.pricing_rules_engine - INFO - Added pricing rule: Low Confidence Notifications
2025-08-14 00:02:43,608 - pricing_optimizer - INFO - Default pricing rules configured
2025-08-14 00:02:43,608 - orchestrator.services.market_sentiment_service - INFO - Analyzing market sentiment for: e-commerce
2025-08-14 00:02:43,843 - orchestrator.services.market_sentiment_service - ERROR - Error analyzing news sentiment: 401 Client Error: Unauthorized for url: https://newsapi.org/v2/everything?q=online+shopping+OR+retail+pricing+OR+consumer+behavior&language=en&sortBy=publishedAt&from=2025-08-13T00%3A02%3A43.608364&apiKey=your-news-api-key-here&pageSize=50
2025-08-14 00:02:43,967 - pricing_optimizer - INFO - AI pricing service initialized
2025-08-14 00:02:43,968 - orchestrator.services.ml_rule_optimizer - INFO - Loaded 50 historical records
2025-08-14 00:02:43,984 - orchestrator.services.ml_rule_optimizer - INFO - Loaded confidence_threshold model and scaler
2025-08-14 00:02:43,989 - orchestrator.services.ml_rule_optimizer - INFO - Loaded price_limits model and scaler
2025-08-14 00:02:44,008 - orchestrator.services.ml_rule_optimizer - INFO - Loaded profit_margin model and scaler
2025-08-14 00:02:44,014 - orchestrator.services.market_sentiment_service - INFO - Market sentiment service initialized with 1 active data sources
2025-08-14 00:02:44,014 - orchestrator.services.predictive_forecaster - INFO - Predictive forecaster initialized
2025-08-14 00:02:44,014 - orchestrator.services.cross_agent_tools - INFO - Registered tool: Customer Lifetime Value Calculator (customer_lifetime_value)
2025-08-14 00:02:44,014 - orchestrator.services.cross_agent_tools - INFO - Registered tool: AI-Powered Market Opportunity Scanner (market_opportunity_scanner)
2025-08-14 00:02:44,015 - orchestrator.services.cross_agent_tools - INFO - Registered tool: Real-time Competitive Intelligence (competitive_intelligence)
2025-08-14 00:02:44,015 - orchestrator.services.cross_agent_tools - INFO - Registered tool: Advanced Demand Forecasting (demand_forecasting)
2025-08-14 00:02:44,015 - orchestrator.services.cross_agent_tools - INFO - Registered tool: Dynamic Price Elasticity Analyzer (price_elasticity_analyzer)
2025-08-14 00:02:44,015 - orchestrator.services.cross_agent_tools - INFO - Registered tool: AI-Driven Inventory Optimization (inventory_optimization)
2025-08-14 00:02:44,015 - orchestrator.services.cross_agent_tools - INFO - Cross-agent tools initialized
2025-08-14 00:02:44,015 - orchestrator.services.price_alert_system - INFO - Added alert rule: high_priority_drops
2025-08-14 00:02:44,015 - orchestrator.services.price_alert_system - INFO - Added alert rule: price_increases
2025-08-14 00:02:44,015 - orchestrator.services.price_alert_system - INFO - Added alert rule: general_monitoring
2025-08-14 00:02:44,015 - pricing_optimizer - INFO - Default price alert rules configured
2025-08-14 00:02:44,015 - orchestrator.services.pricing_rules_engine - INFO - Added pricing rule: High Confidence Automatic Pricing
2025-08-14 00:02:44,015 - orchestrator.services.pricing_rules_engine - INFO - Added pricing rule: Medium Confidence with Approval
2025-08-14 00:02:44,015 - orchestrator.services.pricing_rules_engine - INFO - Added pricing rule: Low Confidence Notifications
2025-08-14 00:02:44,015 - pricing_optimizer - INFO - Default pricing rules configured
2025-08-14 00:02:44,053 - pricing_optimizer - INFO - AI pricing service initialized
2025-08-14 00:02:44,053 - orchestrator.services.ml_rule_optimizer - INFO - Loaded 50 historical records
2025-08-14 00:02:44,067 - orchestrator.services.ml_rule_optimizer - INFO - Loaded confidence_threshold model and scaler
2025-08-14 00:02:44,073 - orchestrator.services.ml_rule_optimizer - INFO - Loaded price_limits model and scaler
2025-08-14 00:02:44,092 - orchestrator.services.ml_rule_optimizer - INFO - Loaded profit_margin model and scaler
2025-08-14 00:02:44,099 - orchestrator.services.market_sentiment_service - INFO - Market sentiment service initialized with 1 active data sources
2025-08-14 00:02:44,099 - orchestrator.services.predictive_forecaster - INFO - Loaded 30 historical data points
2025-08-14 00:02:44,099 - orchestrator.services.predictive_forecaster - INFO - Predictive forecaster initialized
2025-08-14 00:02:44,099 - orchestrator.services.cross_agent_tools - INFO - Registered tool: Customer Lifetime Value Calculator (customer_lifetime_value)
2025-08-14 00:02:44,099 - orchestrator.services.cross_agent_tools - INFO - Registered tool: AI-Powered Market Opportunity Scanner (market_opportunity_scanner)
2025-08-14 00:02:44,099 - orchestrator.services.cross_agent_tools - INFO - Registered tool: Real-time Competitive Intelligence (competitive_intelligence)
2025-08-14 00:02:44,099 - orchestrator.services.cross_agent_tools - INFO - Registered tool: Advanced Demand Forecasting (demand_forecasting)
2025-08-14 00:02:44,099 - orchestrator.services.cross_agent_tools - INFO - Registered tool: Dynamic Price Elasticity Analyzer (price_elasticity_analyzer)
2025-08-14 00:02:44,099 - orchestrator.services.cross_agent_tools - INFO - Registered tool: AI-Driven Inventory Optimization (inventory_optimization)
2025-08-14 00:02:44,100 - orchestrator.services.cross_agent_tools - INFO - Cross-agent tools initialized
2025-08-14 00:02:44,100 - orchestrator.services.price_alert_system - INFO - Added alert rule: high_priority_drops
2025-08-14 00:02:44,100 - orchestrator.services.price_alert_system - INFO - Added alert rule: price_increases
2025-08-14 00:02:44,100 - orchestrator.services.price_alert_system - INFO - Added alert rule: general_monitoring
2025-08-14 00:02:44,100 - pricing_optimizer - INFO - Default price alert rules configured
2025-08-14 00:02:44,100 - orchestrator.services.pricing_rules_engine - INFO - Added pricing rule: High Confidence Automatic Pricing
2025-08-14 00:02:44,100 - orchestrator.services.pricing_rules_engine - INFO - Added pricing rule: Medium Confidence with Approval
2025-08-14 00:02:44,100 - orchestrator.services.pricing_rules_engine - INFO - Added pricing rule: Low Confidence Notifications
2025-08-14 00:02:44,100 - pricing_optimizer - INFO - Default pricing rules configured
2025-08-14 00:02:44,100 - orchestrator.services.cross_agent_tools - INFO - Tool market_opportunity_scanner executed successfully for pricing_optimizer
2025-08-14 00:02:44,101 - orchestrator.services.cross_agent_tools - INFO - Tool competitive_intelligence executed successfully for pricing_optimizer
2025-08-14 00:02:44,101 - orchestrator.services.cross_agent_tools - INFO - Tool customer_lifetime_value executed successfully for pricing_optimizer
2025-08-14 00:02:44,123 - pricing_optimizer - INFO - AI pricing service initialized
2025-08-14 00:02:44,123 - orchestrator.services.ml_rule_optimizer - INFO - Loaded 50 historical records
2025-08-14 00:02:44,139 - orchestrator.services.ml_rule_optimizer - INFO - Loaded confidence_threshold model and scaler
2025-08-14 00:02:44,144 - orchestrator.services.ml_rule_optimizer - INFO - Loaded price_limits model and scaler
2025-08-14 00:02:44,163 - orchestrator.services.ml_rule_optimizer - INFO - Loaded profit_margin model and scaler
2025-08-14 00:02:44,169 - orchestrator.services.market_sentiment_service - INFO - Market sentiment service initialized with 1 active data sources
2025-08-14 00:02:44,170 - orchestrator.services.predictive_forecaster - INFO - Loaded 30 historical data points
2025-08-14 00:02:44,170 - orchestrator.services.predictive_forecaster - INFO - Predictive forecaster initialized
2025-08-14 00:02:44,170 - orchestrator.services.cross_agent_tools - INFO - Registered tool: Customer Lifetime Value Calculator (customer_lifetime_value)
2025-08-14 00:02:44,170 - orchestrator.services.cross_agent_tools - INFO - Registered tool: AI-Powered Market Opportunity Scanner (market_opportunity_scanner)
2025-08-14 00:02:44,170 - orchestrator.services.cross_agent_tools - INFO - Registered tool: Real-time Competitive Intelligence (competitive_intelligence)
2025-08-14 00:02:44,170 - orchestrator.services.cross_agent_tools - INFO - Registered tool: Advanced Demand Forecasting (demand_forecasting)
2025-08-14 00:02:44,170 - orchestrator.services.cross_agent_tools - INFO - Registered tool: Dynamic Price Elasticity Analyzer (price_elasticity_analyzer)
2025-08-14 00:02:44,170 - orchestrator.services.cross_agent_tools - INFO - Registered tool: AI-Driven Inventory Optimization (inventory_optimization)
2025-08-14 00:02:44,170 - orchestrator.services.cross_agent_tools - INFO - Cross-agent tools initialized
2025-08-14 00:02:44,170 - orchestrator.services.price_alert_system - INFO - Added alert rule: high_priority_drops
2025-08-14 00:02:44,170 - orchestrator.services.price_alert_system - INFO - Added alert rule: price_increases
2025-08-14 00:02:44,171 - orchestrator.services.price_alert_system - INFO - Added alert rule: general_monitoring
2025-08-14 00:02:44,171 - pricing_optimizer - INFO - Default price alert rules configured
2025-08-14 00:02:44,171 - orchestrator.services.pricing_rules_engine - INFO - Added pricing rule: High Confidence Automatic Pricing
2025-08-14 00:02:44,171 - orchestrator.services.pricing_rules_engine - INFO - Added pricing rule: Medium Confidence with Approval
2025-08-14 00:02:44,171 - orchestrator.services.pricing_rules_engine - INFO - Added pricing rule: Low Confidence Notifications
2025-08-14 00:02:44,171 - pricing_optimizer - INFO - Default pricing rules configured
2025-08-14 00:02:44,171 - orchestrator.services.cross_agent_tools - INFO - Tool market_opportunity_scanner executed successfully for pricing_optimizer
