[2025-09-20 01:49:32Z INFO HostContext] No proxy settings were found based on environmental variables (http_proxy/https_proxy/HTTP_PROXY/HTTPS_PROXY)
[2025-09-20 01:49:32Z INFO HostContext] Well known directory 'Bin': 'C:\Users\projo\royal-equips-orchestrator\bin'
[2025-09-20 01:49:32Z INFO HostContext] Well known directory 'Root': 'C:\Users\projo\royal-equips-orchestrator'
[2025-09-20 01:49:32Z INFO HostContext] Well known config file 'Credentials': 'C:\Users\projo\royal-equips-orchestrator\.credentials'
[2025-09-20 01:49:32Z INFO HostContext] Well known directory 'Bin': 'C:\Users\projo\royal-equips-orchestrator\bin'
[2025-09-20 01:49:32Z INFO HostContext] Well known directory 'Root': 'C:\Users\projo\royal-equips-orchestrator'
[2025-09-20 01:49:32Z INFO HostContext] Well known config file 'Runner': 'C:\Users\projo\royal-equips-orchestrator\.runner'
[2025-09-20 01:49:32Z INFO Listener] Runner is built for Windows (X64) - win-x64.
[2025-09-20 01:49:32Z INFO Listener] RuntimeInformation: Microsoft Windows 10.0.26100.
[2025-09-20 01:49:32Z INFO Listener] Version: 2.328.0
[2025-09-20 01:49:32Z INFO Listener] Commit: 6f9a9110adce65f44ca6f7c0ae142b9cc6af937b
[2025-09-20 01:49:32Z INFO Listener] Culture: en-NL
[2025-09-20 01:49:32Z INFO Listener] UI Culture: en-US
[2025-09-20 01:49:32Z INFO HostContext] Well known directory 'Bin': 'C:\Users\projo\royal-equips-orchestrator\bin'
[2025-09-20 01:49:32Z INFO HostContext] Well known directory 'Root': 'C:\Users\projo\royal-equips-orchestrator'
[2025-09-20 01:49:32Z INFO Listener] Validating directory permissions for: 'C:\Users\projo\royal-equips-orchestrator'
[2025-09-20 01:49:32Z INFO CommandLineParser] Parse
[2025-09-20 01:49:32Z INFO CommandLineParser] Parsing 5 args
[2025-09-20 01:49:32Z INFO CommandLineParser] parsing argument
[2025-09-20 01:49:32Z INFO CommandLineParser] HasArgs: False
[2025-09-20 01:49:32Z INFO CommandLineParser] Adding Command: configure
[2025-09-20 01:49:32Z INFO CommandLineParser] parsing argument
[2025-09-20 01:49:32Z INFO CommandLineParser] HasArgs: True
[2025-09-20 01:49:32Z INFO CommandLineParser] arg: url
[2025-09-20 01:49:32Z INFO CommandLineParser] parsing argument
[2025-09-20 01:49:32Z INFO CommandLineParser] HasArgs: True
[2025-09-20 01:49:32Z INFO CommandLineParser] Adding option 'url': 'https://github.com/Royal-Equips-Org/royal-equips-orchestrator'
[2025-09-20 01:49:32Z INFO CommandLineParser] parsing argument
[2025-09-20 01:49:32Z INFO CommandLineParser] HasArgs: True
[2025-09-20 01:49:32Z INFO CommandLineParser] arg: token
[2025-09-20 01:49:32Z INFO CommandLineParser] parsing argument
[2025-09-20 01:49:32Z INFO CommandLineParser] HasArgs: True
[2025-09-20 01:49:32Z INFO CommandLineParser] Adding option 'token': '***'
[2025-09-20 01:49:32Z INFO Listener] Arguments parsed
[2025-09-20 01:49:32Z INFO Runner] ExecuteCommand
[2025-09-20 01:49:32Z INFO ConfigurationStore] currentAssemblyLocation: C:\Users\projo\royal-equips-orchestrator\bin\Runner.Listener.dll
[2025-09-20 01:49:32Z INFO HostContext] Well known directory 'Bin': 'C:\Users\projo\royal-equips-orchestrator\bin'
[2025-09-20 01:49:32Z INFO ConfigurationStore] binPath: C:\Users\projo\royal-equips-orchestrator\bin
[2025-09-20 01:49:32Z INFO HostContext] Well known directory 'Bin': 'C:\Users\projo\royal-equips-orchestrator\bin'
[2025-09-20 01:49:32Z INFO HostContext] Well known directory 'Root': 'C:\Users\projo\royal-equips-orchestrator'
[2025-09-20 01:49:32Z INFO ConfigurationStore] RootFolder: C:\Users\projo\royal-equips-orchestrator
[2025-09-20 01:49:32Z INFO HostContext] Well known directory 'Bin': 'C:\Users\projo\royal-equips-orchestrator\bin'
[2025-09-20 01:49:32Z INFO HostContext] Well known directory 'Root': 'C:\Users\projo\royal-equips-orchestrator'
[2025-09-20 01:49:32Z INFO HostContext] Well known config file 'Runner': 'C:\Users\projo\royal-equips-orchestrator\.runner'
[2025-09-20 01:49:32Z INFO ConfigurationStore] ConfigFilePath: C:\Users\projo\royal-equips-orchestrator\.runner
[2025-09-20 01:49:32Z INFO HostContext] Well known directory 'Bin': 'C:\Users\projo\royal-equips-orchestrator\bin'
[2025-09-20 01:49:32Z INFO HostContext] Well known directory 'Root': 'C:\Users\projo\royal-equips-orchestrator'
[2025-09-20 01:49:32Z INFO HostContext] Well known config file 'MigratedRunner': 'C:\Users\projo\royal-equips-orchestrator\.runner_migrated'
[2025-09-20 01:49:32Z INFO ConfigurationStore] MigratedConfigFilePath: C:\Users\projo\royal-equips-orchestrator\.runner_migrated
[2025-09-20 01:49:32Z INFO HostContext] Well known directory 'Bin': 'C:\Users\projo\royal-equips-orchestrator\bin'
[2025-09-20 01:49:32Z INFO HostContext] Well known directory 'Root': 'C:\Users\projo\royal-equips-orchestrator'
[2025-09-20 01:49:32Z INFO HostContext] Well known config file 'Credentials': 'C:\Users\projo\royal-equips-orchestrator\.credentials'
[2025-09-20 01:49:32Z INFO ConfigurationStore] CredFilePath: C:\Users\projo\royal-equips-orchestrator\.credentials
[2025-09-20 01:49:32Z INFO HostContext] Well known directory 'Bin': 'C:\Users\projo\royal-equips-orchestrator\bin'
[2025-09-20 01:49:32Z INFO HostContext] Well known directory 'Root': 'C:\Users\projo\royal-equips-orchestrator'
[2025-09-20 01:49:32Z INFO HostContext] Well known config file 'MigratedCredentials': 'C:\Users\projo\royal-equips-orchestrator\.credentials_migrated'
[2025-09-20 01:49:32Z INFO ConfigurationStore] MigratedCredFilePath: C:\Users\projo\royal-equips-orchestrator\.credentials_migrated
[2025-09-20 01:49:32Z INFO HostContext] Well known directory 'Bin': 'C:\Users\projo\royal-equips-orchestrator\bin'
[2025-09-20 01:49:32Z INFO HostContext] Well known directory 'Root': 'C:\Users\projo\royal-equips-orchestrator'
[2025-09-20 01:49:32Z INFO HostContext] Well known config file 'Service': 'C:\Users\projo\royal-equips-orchestrator\.service'
[2025-09-20 01:49:32Z INFO ConfigurationStore] ServiceConfigFilePath: C:\Users\projo\royal-equips-orchestrator\.service
[2025-09-20 01:49:32Z INFO CommandSettings] Flag 'help': 'False'
[2025-09-20 01:49:32Z INFO CommandSettings] Flag 'version': 'False'
[2025-09-20 01:49:32Z INFO CommandSettings] Flag 'commit': 'False'
[2025-09-20 01:49:32Z INFO CommandSettings] Flag 'check': 'False'
[2025-09-20 01:49:32Z INFO CommandSettings] Command 'configure': 'True'
[2025-09-20 01:49:32Z INFO Terminal] WRITE LINE: 
[2025-09-20 01:49:32Z INFO Terminal] WRITE LINE: --------------------------------------------------------------------------------
[2025-09-20 01:49:32Z INFO Terminal] WRITE LINE: |        ____ _ _   _   _       _          _        _   _                      |
[2025-09-20 01:49:32Z INFO Terminal] WRITE LINE: |       / ___(_) |_| | | |_   _| |__      / \   ___| |_(_) ___  _ __  ___      |
[2025-09-20 01:49:32Z INFO Terminal] WRITE LINE: |      | |  _| | __| |_| | | | | '_ \    / _ \ / __| __| |/ _ \| '_ \/ __|     |
[2025-09-20 01:49:32Z INFO Terminal] WRITE LINE: |      | |_| | | |_|  _  | |_| | |_) |  / ___ \ (__| |_| | (_) | | | \__ \     |
[2025-09-20 01:49:32Z INFO Terminal] WRITE LINE: |       \____|_|\__|_| |_|\__,_|_.__/  /_/   \_\___|\__|_|\___/|_| |_|___/     |
[2025-09-20 01:49:32Z INFO Terminal] WRITE LINE: |                                                                              |
[2025-09-20 01:49:32Z INFO Terminal] WRITE: |                       
[2025-09-20 01:49:32Z INFO Terminal] WRITE: Self-hosted runner registration
[2025-09-20 01:49:32Z INFO Terminal] WRITE LINE:                         |
[2025-09-20 01:49:32Z INFO Terminal] WRITE LINE: |                                                                              |
[2025-09-20 01:49:32Z INFO Terminal] WRITE LINE: --------------------------------------------------------------------------------
[2025-09-20 01:49:32Z INFO ConfigurationManager] ConfigureAsync
[2025-09-20 01:49:32Z INFO CommandSettings] Flag 'generateServiceConfig': 'False'
[2025-09-20 01:49:32Z INFO ConfigurationStore] IsConfigured()
[2025-09-20 01:49:32Z INFO ConfigurationStore] IsConfigured: False
[2025-09-20 01:49:32Z INFO ConfigurationManager] Is configured: False
[2025-09-20 01:49:32Z INFO CommandSettings] Arg 'url': 'https://github.com/Royal-Equips-Org/royal-equips-orchestrator'
[2025-09-20 01:49:32Z INFO CommandSettings] Remove url from Arg dictionary.
[2025-09-20 01:49:32Z INFO CommandSettings] Arg 'token': '***'
[2025-09-20 01:49:32Z INFO CommandSettings] Remove token from Arg dictionary.
[2025-09-20 01:49:33Z INFO ConfigurationManager] Http response code: OK from 'POST https://api.github.com/actions/runner-registration' (D2F0:29BDF1:F33DD6:E64F41:68CE082D)
[2025-09-20 01:49:33Z INFO ConfigurationManager] Using V2 flow: False
[2025-09-20 01:49:33Z INFO ConfigurationManager] cred retrieved via GitHub auth
[2025-09-20 01:49:33Z INFO RunnerServer] EstablishVssConnection
[2025-09-20 01:49:33Z INFO RunnerServer] Establish connection with 100 seconds timeout.
[2025-09-20 01:49:33Z INFO GitHubActionsService] Starting operation Location.GetConnectionData
[2025-09-20 01:49:33Z INFO RunnerServer] EstablishVssConnection
[2025-09-20 01:49:33Z INFO RunnerServer] Establish connection with 60 seconds timeout.
[2025-09-20 01:49:33Z INFO GitHubActionsService] Starting operation Location.GetConnectionData
[2025-09-20 01:49:33Z INFO RunnerServer] EstablishVssConnection
[2025-09-20 01:49:33Z INFO RunnerServer] Establish connection with 60 seconds timeout.
[2025-09-20 01:49:33Z INFO GitHubActionsService] Starting operation Location.GetConnectionData
[2025-09-20 01:49:33Z INFO GitHubActionsService] Finished operation Location.GetConnectionData
[2025-09-20 01:49:33Z INFO GitHubActionsService] Finished operation Location.GetConnectionData
[2025-09-20 01:49:33Z INFO GitHubActionsService] Finished operation Location.GetConnectionData
[2025-09-20 01:49:34Z INFO Terminal] WRITE LINE: 
[2025-09-20 01:49:34Z INFO ConfigurationManager] Test Connection complete.
[2025-09-20 01:49:34Z INFO HostContext] Well known directory 'Bin': 'C:\Users\projo\royal-equips-orchestrator\bin'
[2025-09-20 01:49:34Z INFO HostContext] Well known directory 'Root': 'C:\Users\projo\royal-equips-orchestrator'
[2025-09-20 01:49:34Z INFO HostContext] Well known config file 'RSACredentials': 'C:\Users\projo\royal-equips-orchestrator\.credentials_rsaparams'
[2025-09-20 01:49:34Z INFO RSAEncryptedFileKeyManager] Creating new RSA key using 2048-bit key length
[2025-09-20 01:49:34Z INFO RSAEncryptedFileKeyManager] Successfully saved RSA key parameters to file C:\Users\projo\royal-equips-orchestrator\.credentials_rsaparams
[2025-09-20 01:49:34Z INFO CommandSettings] Arg 'runnergroup': ''
[2025-09-20 01:49:34Z INFO CommandSettings] Flag 'unattended': 'False'
[2025-09-20 01:49:34Z INFO PromptManager] ReadValue
[2025-09-20 01:49:34Z INFO Terminal] WRITE: Enter the name of the runner group to add this runner to: 
[2025-09-20 01:49:34Z INFO Terminal] WRITE: [press Enter for Default] 
[2025-09-20 01:49:34Z INFO Terminal] READ LINE
[2025-09-20 01:49:37Z INFO Terminal] Read value: ''
[2025-09-20 01:49:37Z INFO PromptManager] Falling back to the default: 'Default'
[2025-09-20 01:49:37Z INFO Terminal] WRITE LINE: 
[2025-09-20 01:49:37Z INFO ConfigurationManager] Found a self-hosted runner group with id 1 and name Default
[2025-09-20 01:49:37Z INFO CommandSettings] Flag 'disableupdate': 'False'
[2025-09-20 01:49:37Z INFO CommandSettings] Flag 'ephemeral': 'False'
[2025-09-20 01:49:37Z INFO CommandSettings] Arg 'name': ''
[2025-09-20 01:49:37Z INFO CommandSettings] Flag 'unattended': 'False'
[2025-09-20 01:49:37Z INFO PromptManager] ReadValue
[2025-09-20 01:49:37Z INFO Terminal] WRITE: Enter the name of runner: 
[2025-09-20 01:49:37Z INFO Terminal] WRITE: [press Enter for PRO-DESKTOP-5LG] 
[2025-09-20 01:49:37Z INFO Terminal] READ LINE
[2025-09-20 01:49:40Z INFO Terminal] Read value: ''
[2025-09-20 01:49:40Z INFO PromptManager] Falling back to the default: 'PRO-DESKTOP-5LG'
[2025-09-20 01:49:40Z INFO Terminal] WRITE LINE: 
[2025-09-20 01:49:40Z INFO CommandSettings] Arg 'labels': ''
[2025-09-20 01:49:40Z INFO CommandSettings] Flag 'unattended': 'False'
[2025-09-20 01:49:40Z INFO PromptManager] ReadValue
[2025-09-20 01:49:40Z INFO Terminal] WRITE: This runner will have the following labels: 'self-hosted', 'Windows', 'X64' 
Enter any additional labels (ex. label-1,label-2): 
[2025-09-20 01:49:40Z INFO Terminal] WRITE: [press Enter to skip] 
[2025-09-20 01:49:40Z INFO Terminal] READ LINE
[2025-09-20 01:49:41Z INFO Terminal] Read value: ''
[2025-09-20 01:49:41Z INFO Terminal] WRITE LINE: 
[2025-09-20 01:49:41Z INFO CommandSettings] Flag 'disableupdate': 'False'
[2025-09-20 01:49:41Z INFO CommandSettings] Flag 'no-default-labels': 'False'
[2025-09-20 01:49:42Z INFO CommandSettings] Flag 'disableupdate': 'False'
[2025-09-20 01:49:42Z INFO CommandSettings] Flag 'ephemeral': 'False'
[2025-09-20 01:49:42Z INFO ConfigurationStore] Saving OAuth credential @ C:\Users\projo\royal-equips-orchestrator\.credentials
[2025-09-20 01:49:42Z INFO ConfigurationStore] Credentials Saved.
[2025-09-20 01:49:42Z INFO ConfigurationStore] HasCredentials()
[2025-09-20 01:49:42Z INFO ConfigurationStore] stored True
[2025-09-20 01:49:42Z INFO CredentialManager] GetCredentialProvider
[2025-09-20 01:49:42Z INFO CredentialManager] Creating type OAuth
[2025-09-20 01:49:42Z INFO CredentialManager] Creating credential type: OAuth
[2025-09-20 01:49:42Z INFO RSAEncryptedFileKeyManager] Loading RSA key parameters from file C:\Users\projo\royal-equips-orchestrator\.credentials_rsaparams
[2025-09-20 01:49:42Z INFO RunnerServer] EstablishVssConnection
[2025-09-20 01:49:42Z INFO RunnerServer] Establish connection with 100 seconds timeout.
[2025-09-20 01:49:42Z INFO GitHubActionsService] Starting operation Location.GetConnectionData
[2025-09-20 01:49:42Z INFO RunnerServer] EstablishVssConnection
[2025-09-20 01:49:42Z INFO RunnerServer] Establish connection with 60 seconds timeout.
[2025-09-20 01:49:42Z INFO GitHubActionsService] Starting operation Location.GetConnectionData
[2025-09-20 01:49:42Z INFO RunnerServer] EstablishVssConnection
[2025-09-20 01:49:42Z INFO RunnerServer] Establish connection with 60 seconds timeout.
[2025-09-20 01:49:42Z INFO GitHubActionsService] Starting operation Location.GetConnectionData
[2025-09-20 01:49:42Z INFO GitHubActionsService] Finished operation Location.GetConnectionData
[2025-09-20 01:49:42Z INFO GitHubActionsService] Finished operation Location.GetConnectionData
[2025-09-20 01:49:42Z INFO GitHubActionsService] Finished operation Location.GetConnectionData
[2025-09-20 01:49:42Z INFO RSAEncryptedFileKeyManager] Loading RSA key parameters from file C:\Users\projo\royal-equips-orchestrator\.credentials_rsaparams
[2025-09-20 01:49:42Z INFO RSAEncryptedFileKeyManager] Loading RSA key parameters from file C:\Users\projo\royal-equips-orchestrator\.credentials_rsaparams
[2025-09-20 01:49:43Z INFO GitHubActionsService] AAD Correlation ID for this token request: Unknown
[2025-09-20 01:49:43Z INFO ConfigurationManager] Service enforced serverUrlV2: https://broker.actions.githubusercontent.com/
[2025-09-20 01:49:43Z INFO ConfigurationManager] Service enforced useV2Flow: True
[2025-09-20 01:49:43Z INFO CommandSettings] Arg 'work': ''
[2025-09-20 01:49:43Z INFO CommandSettings] Flag 'unattended': 'False'
[2025-09-20 01:49:43Z INFO PromptManager] ReadValue
[2025-09-20 01:49:43Z INFO Terminal] WRITE: Enter name of work folder: 
[2025-09-20 01:49:43Z INFO Terminal] WRITE: [press Enter for _work] 
[2025-09-20 01:49:43Z INFO Terminal] READ LINE
[2025-09-20 01:49:44Z INFO Terminal] Read value: ''
[2025-09-20 01:49:44Z INFO PromptManager] Falling back to the default: '_work'
[2025-09-20 01:49:44Z INFO ConfigurationStore] Saving runner settings.
[2025-09-20 01:49:44Z INFO ConfigurationStore] Settings Saved.
[2025-09-20 01:49:44Z INFO Terminal] WRITE LINE: 
[2025-09-20 01:49:44Z INFO Terminal] WRITE LINE: 
[2025-09-20 01:49:44Z INFO CommandSettings] Flag 'runasservice': 'False'
[2025-09-20 01:49:44Z INFO CommandSettings] Flag 'unattended': 'False'
[2025-09-20 01:49:44Z INFO PromptManager] ReadValue
[2025-09-20 01:49:44Z INFO Terminal] WRITE: Would you like to run the runner as service? (Y/N) 
[2025-09-20 01:49:44Z INFO Terminal] WRITE: [press Enter for N] 
[2025-09-20 01:49:44Z INFO Terminal] READ LINE
[2025-09-20 01:49:50Z INFO Terminal] Read value: 'y'
[2025-09-20 01:49:50Z INFO ConfigurationManager] Configuring to run the agent as service
[2025-09-20 01:49:50Z INFO CommandSettings] Arg 'windowslogonaccount': ''
[2025-09-20 01:49:50Z INFO CommandSettings] Flag 'unattended': 'False'
[2025-09-20 01:49:50Z INFO PromptManager] ReadValue
[2025-09-20 01:49:50Z INFO Terminal] WRITE: User account to use for the service 
[2025-09-20 01:49:50Z INFO Terminal] WRITE: [press Enter for NT AUTHORITY\NETWORK SERVICE] 
[2025-09-20 01:49:50Z INFO Terminal] READ LINE
[2025-09-20 01:51:52Z INFO Terminal] Read value: ''
[2025-09-20 01:51:52Z INFO PromptManager] Falling back to the default: 'NT AUTHORITY\NETWORK SERVICE'
[2025-09-20 01:51:52Z INFO WindowsServiceControlManager] LogonAccount after transforming: NT AUTHORITY\NETWORK SERVICE, user: NETWORK SERVICE, domain: NT AUTHORITY
[2025-09-20 01:51:52Z INFO WindowsServiceControlManager] Service name 'actions.runner.Royal-Equips-Org-royal-equips-orchestrator.PRO-DESKTOP-5LG' display name 'GitHub Actions Runner (Royal-Equips-Org-royal-equips-orchestrator.PRO-DESKTOP-5LG)' will be used for service configuration.
[2025-09-20 01:51:52Z INFO WindowsServiceControlManager] Verifying if the account has LogonAsService permission
[2025-09-20 01:51:52Z INFO NativeWindowsServiceHelper] Successfully grant logon as service privilege to account 'NETWORK SERVICE'
[2025-09-20 01:51:52Z INFO WindowsServiceControlManager] Create local group and grant folder permission to service logon account.
[2025-09-20 01:51:52Z INFO HostContext] Well known directory 'Bin': 'C:\Users\projo\royal-equips-orchestrator\bin'
[2025-09-20 01:51:52Z INFO HostContext] Well known directory 'Root': 'C:\Users\projo\royal-equips-orchestrator'
[2025-09-20 01:51:52Z INFO ConfigurationStore] Read setting file: 421 chars
[2025-09-20 01:51:52Z INFO HostContext] Well known directory 'Bin': 'C:\Users\projo\royal-equips-orchestrator\bin'
[2025-09-20 01:51:52Z INFO HostContext] Well known directory 'Root': 'C:\Users\projo\royal-equips-orchestrator'
[2025-09-20 01:51:52Z INFO HostContext] Well known directory 'Work': 'C:\Users\projo\royal-equips-orchestrator\_work'
[2025-09-20 01:51:52Z INFO HostContext] Well known directory 'Bin': 'C:\Users\projo\royal-equips-orchestrator\bin'
[2025-09-20 01:51:52Z INFO NativeWindowsServiceHelper] Calculated unique group name GITHUB_ActionsRunner_G4cb0a
[2025-09-20 01:51:52Z INFO NativeWindowsServiceHelper] Trying to create group GITHUB_ActionsRunner_G4cb0a
[2025-09-20 01:51:52Z INFO NativeWindowsServiceHelper] Local Group 'GITHUB_ActionsRunner_G4cb0a' created
[2025-09-20 01:51:52Z INFO NativeWindowsServiceHelper] Trying to add userName NT AUTHORITY\NETWORK SERVICE to the group GITHUB_ActionsRunner_G4cb0a
[2025-09-20 01:51:52Z INFO NativeWindowsServiceHelper] Account 'NT AUTHORITY\NETWORK SERVICE' is added to local group 'GITHUB_ActionsRunner_G4cb0a'.
[2025-09-20 01:51:52Z INFO NativeWindowsServiceHelper] Set full access control to group for the folder C:\Users\projo\royal-equips-orchestrator
[2025-09-20 01:51:56Z INFO NativeWindowsServiceHelper] Set full access control to group for the folder C:\Users\projo\royal-equips-orchestrator\_work
[2025-09-20 01:51:56Z INFO NativeWindowsServiceHelper] Local group 'GITHUB_ActionsRunner_G4cb0a' already has full control to path 'C:\Users\projo\royal-equips-orchestrator\_work'.
[2025-09-20 01:51:56Z INFO Terminal] WRITE LINE: Granting file permissions to 'NT AUTHORITY\NETWORK SERVICE'.
[2025-09-20 01:51:56Z INFO HostContext] Well known directory 'Bin': 'C:\Users\projo\royal-equips-orchestrator\bin'
[2025-09-20 01:51:56Z INFO ProcessInvokerWrapper] Starting process:
[2025-09-20 01:51:56Z INFO ProcessInvokerWrapper]   File name: '"C:\Users\projo\royal-equips-orchestrator\bin\RunnerService.exe"'
[2025-09-20 01:51:56Z INFO ProcessInvokerWrapper]   Arguments: 'init'
[2025-09-20 01:51:56Z INFO ProcessInvokerWrapper]   Working directory: ''
[2025-09-20 01:51:56Z INFO ProcessInvokerWrapper]   Require exit code zero: 'True'
[2025-09-20 01:51:56Z INFO ProcessInvokerWrapper]   Encoding web name:  ; code page: ''
[2025-09-20 01:51:56Z INFO ProcessInvokerWrapper]   Force kill process on cancellation: 'False'
[2025-09-20 01:51:56Z INFO ProcessInvokerWrapper]   Redirected STDIN: 'False'
[2025-09-20 01:51:56Z INFO ProcessInvokerWrapper]   Persist current code page: 'False'
[2025-09-20 01:51:56Z INFO ProcessInvokerWrapper]   Keep redirected STDIN open: 'False'
[2025-09-20 01:51:56Z INFO ProcessInvokerWrapper]   High priority process: 'False'
[2025-09-20 01:51:57Z INFO ProcessInvokerWrapper] Process started with process id 5492, waiting for process exit.
[2025-09-20 01:51:57Z INFO ProcessInvokerWrapper] STDOUT/STDERR stream read finished.
[2025-09-20 01:51:57Z INFO ProcessInvokerWrapper] STDOUT/STDERR stream read finished.
[2025-09-20 01:51:57Z INFO ProcessInvokerWrapper] Finished process 5492 with exit code 0, and elapsed time 00:00:00.9648774.
[2025-09-20 01:51:57Z INFO Terminal] WRITE LINE: Service actions.runner.Royal-Equips-Org-royal-equips-orchestrator.PRO-DESKTOP-5LG successfully installed
[2025-09-20 01:51:57Z INFO Terminal] WRITE LINE: Service actions.runner.Royal-Equips-Org-royal-equips-orchestrator.PRO-DESKTOP-5LG successfully set recovery option
[2025-09-20 01:51:57Z INFO Terminal] WRITE LINE: Service actions.runner.Royal-Equips-Org-royal-equips-orchestrator.PRO-DESKTOP-5LG successfully set to delayed auto start
[2025-09-20 01:51:57Z INFO Terminal] WRITE LINE: Service actions.runner.Royal-Equips-Org-royal-equips-orchestrator.PRO-DESKTOP-5LG successfully configured
[2025-09-20 01:51:57Z INFO HostContext] Well known directory 'Bin': 'C:\Users\projo\royal-equips-orchestrator\bin'
[2025-09-20 01:51:57Z INFO HostContext] Well known directory 'Root': 'C:\Users\projo\royal-equips-orchestrator'
[2025-09-20 01:51:57Z INFO HostContext] Well known config file 'Service': 'C:\Users\projo\royal-equips-orchestrator\.service'
[2025-09-20 01:51:57Z INFO WindowsServiceControlManager] Configuration was successful, trying to start the service
[2025-09-20 01:51:57Z INFO Terminal] WRITE LINE: Waiting for service to start...
[2025-09-20 01:51:58Z INFO Terminal] WRITE LINE: Service actions.runner.Royal-Equips-Org-royal-equips-orchestrator.PRO-DESKTOP-5LG started successfully
[2025-09-20 01:51:58Z INFO Listener] Runner execution has finished with return code 0
